
=== Sat Jan 29 23:04:05 2022

Packages were changed.
Update Mode: mergeDefaultDependencies

The following packages were added:
  com.unity.collab-proxy@1.15.7
  com.unity.ide.visualstudio@2.0.12
  com.unity.modules.ai@1.0.0
  com.unity.modules.cloth@1.0.0
  com.unity.modules.director@1.0.0
  com.unity.modules.physics@1.0.0
  com.unity.modules.terrain@1.0.0
  com.unity.modules.terrainphysics@1.0.0
  com.unity.modules.umbra@1.0.0
  com.unity.modules.vehicles@1.0.0
  com.unity.modules.vr@1.0.0
  com.unity.modules.wind@1.0.0
  com.unity.modules.xr@1.0.0
  com.unity.timeline@1.4.8
The following packages were updated:
  com.unity.2d.animation from version 3.2.6 to 5.0.10
  com.unity.2d.pixel-perfect from version 2.0.4 to 4.0.1
  com.unity.2d.psdimporter from version 2.1.6 to 4.1.3
  com.unity.2d.spriteshape from version 3.0.14 to 5.1.7
  com.unity.ide.rider from version 1.1.4 to 2.0.7
  com.unity.ide.vscode from version 1.2.3 to 1.2.4
  com.unity.mobile.android-logcat from version 1.2.0 to 1.2.3
  com.unity.mobile.notifications from version 1.0.3 to 1.4.2
  com.unity.test-framework from version 1.1.20 to 1.1.29
  com.unity.textmeshpro from version 2.1.3 to 3.0.6

=== Tue Jun 18 15:52:52 2024

Packages were changed.
Update Mode: updateDependencies

The following packages were updated:
  com.unity.2d.animation from version 5.0.10 to 7.0.6
  com.unity.2d.pixel-perfect from version 4.0.1 to 5.0.1
  com.unity.2d.psdimporter from version 4.1.3 to 6.0.4
  com.unity.2d.spriteshape from version 5.1.7 to 7.0.5
  com.unity.collab-proxy from version 1.15.7 to 1.17.1
  com.unity.ide.rider from version 2.0.7 to 3.0.15
  com.unity.ide.visualstudio from version 2.0.12 to 2.0.16
  com.unity.ide.vscode from version 1.2.4 to 1.2.5
  com.unity.mobile.android-logcat from version 1.2.3 to 1.3.2
  com.unity.mobile.notifications from version 1.4.2 to 2.0.2
  com.unity.test-framework from version 1.1.29 to 1.1.31
  com.unity.timeline from version 1.4.8 to 1.6.4

=== Mon Nov 25 17:01:34 2024

Packages were changed.
Update Mode: mergeDefaultDependencies

The following packages were added:
  com.unity.postprocessing@2.3.0

=== Wed Feb 19 16:01:07 2025

Packages were changed.
Update Mode: updateDependencies

The following packages were added:
  com.unity.ai.navigation@2.0.5
  com.unity.modules.accessibility@1.0.0
  com.unity.multiplayer.center@1.0.0
The following packages were updated:
  com.unity.2d.animation from version 7.0.6 to 10.1.4
  com.unity.2d.pixel-perfect from version 5.0.1 to 5.0.3
  com.unity.2d.psdimporter from version 6.0.4 to 9.0.3
  com.unity.2d.spriteshape from version 7.0.5 to 10.0.7
  com.unity.collab-proxy from version 1.17.1 to 2.6.0
  com.unity.ide.rider from version 3.0.15 to 3.0.31
  com.unity.ide.visualstudio from version 2.0.16 to 2.0.22
  com.unity.inputsystem from version 1.4.4 to 1.13.0
  com.unity.mobile.android-logcat from version 1.3.2 to 1.4.4
  com.unity.mobile.notifications from version 2.0.2 to 2.4.0
  com.unity.postprocessing from version 2.3.0 to 3.4.0
  com.unity.test-framework from version 1.1.31 to 1.4.6
  com.unity.timeline from version 1.6.4 to 1.8.7
  com.unity.ugui from version 1.0.0 to 2.0.0
The following packages were removed:
  com.unity.textmeshpro@3.0.6

=== Thu Feb 20 11:23:11 2025

Packages were changed.
Update Mode: updateDependencies

The following packages were updated:
  com.unity.2d.animation from version 7.0.6 to 7.1.1
  com.unity.2d.pixel-perfect from version 5.0.1 to 5.0.3
  com.unity.2d.psdimporter from version 6.0.4 to 6.0.9
  com.unity.2d.spriteshape from version 7.0.5 to 7.0.7
  com.unity.collab-proxy from version 1.17.1 to 2.5.2
  com.unity.ide.rider from version 3.0.15 to 3.0.31
  com.unity.ide.visualstudio from version 2.0.16 to 2.0.22
  com.unity.inputsystem from version 1.4.4 to 1.7.0
  com.unity.mobile.android-logcat from version 1.3.2 to 1.4.3
  com.unity.mobile.notifications from version 2.0.2 to 2.3.2
  com.unity.postprocessing from version 2.3.0 to 3.4.0
  com.unity.test-framework from version 1.1.31 to 1.1.33
  com.unity.timeline from version 1.6.4 to 1.6.5
